0 info it worked if it ends with ok
1 verbose cli [ '/usr/bin/node', '/usr/bin/npm', 'install', '-g', 'topojson' ]
2 info using npm@1.4.28
3 info using node@v0.10.33
4 verbose node symlink /usr/bin/node
5 verbose cache add [ 'topojson', null ]
6 verbose cache add name=undefined spec="topojson" args=["topojson",null]
7 verbose parsed url { protocol: null,
7 verbose parsed url   slashes: null,
7 verbose parsed url   auth: null,
7 verbose parsed url   host: null,
7 verbose parsed url   port: null,
7 verbose parsed url   hostname: null,
7 verbose parsed url   hash: null,
7 verbose parsed url   search: null,
7 verbose parsed url   query: null,
7 verbose parsed url   pathname: 'topojson',
7 verbose parsed url   path: 'topojson',
7 verbose parsed url   href: 'topojson' }
8 silly lockFile 947c2103-topojson topojson
9 verbose lock topojson /home/tiagodevezas/.npm/947c2103-topojson.lock
10 silly lockFile 947c2103-topojson topojson
11 silly lockFile 947c2103-topojson topojson
12 verbose addNamed [ 'topojson', '' ]
13 verbose addNamed [ null, '*' ]
14 silly lockFile 7edf76d6-topojson topojson@
15 verbose lock topojson@ /home/tiagodevezas/.npm/7edf76d6-topojson.lock
16 silly addNameRange { name: 'topojson', range: '*', hasData: false }
17 verbose request where is /topojson
18 verbose request registry https://registry.npmjs.org/
19 verbose request id 74799bf480ea4f7c
20 verbose url raw /topojson
21 verbose url resolving [ 'https://registry.npmjs.org/', './topojson' ]
22 verbose url resolved https://registry.npmjs.org/topojson
23 verbose request where is https://registry.npmjs.org/topojson
24 info trying registry request attempt 1 at 17:20:14
25 http GET https://registry.npmjs.org/topojson
26 http 200 https://registry.npmjs.org/topojson
27 silly registry.get cb [ 200,
27 silly registry.get   { date: 'Mon, 16 Mar 2015 17:20:14 GMT',
27 silly registry.get     server: 'CouchDB/1.5.0 (Erlang OTP/R16B03)',
27 silly registry.get     etag: '"B2SGZKH05WD8BLQ5QB2RTW911"',
27 silly registry.get     'content-type': 'application/json',
27 silly registry.get     'cache-control': 'max-age=60',
27 silly registry.get     'content-length': '85782',
27 silly registry.get     'accept-ranges': 'bytes',
27 silly registry.get     via: '1.1 varnish',
27 silly registry.get     age: '0',
27 silly registry.get     'x-served-by': 'cache-fra1225-FRA',
27 silly registry.get     'x-cache': 'HIT',
27 silly registry.get     'x-cache-hits': '1',
27 silly registry.get     'x-timer': 'S1426526414.735831,VS0,VE192',
27 silly registry.get     vary: 'Accept',
27 silly registry.get     'keep-alive': 'timeout=10, max=50',
27 silly registry.get     connection: 'Keep-Alive' } ]
28 silly addNameRange number 2 { name: 'topojson', range: '*', hasData: true }
29 silly addNameRange versions [ 'topojson',
29 silly addNameRange   [ '0.0.1',
29 silly addNameRange     '0.0.2',
29 silly addNameRange     '0.0.4',
29 silly addNameRange     '0.0.5',
29 silly addNameRange     '0.0.6',
29 silly addNameRange     '0.0.7',
29 silly addNameRange     '0.0.8',
29 silly addNameRange     '0.0.9',
29 silly addNameRange     '0.0.10',
29 silly addNameRange     '0.0.11',
29 silly addNameRange     '0.0.12',
29 silly addNameRange     '0.0.13',
29 silly addNameRange     '0.0.14',
29 silly addNameRange     '0.0.15',
29 silly addNameRange     '0.0.16',
29 silly addNameRange     '0.0.17',
29 silly addNameRange     '0.0.18',
29 silly addNameRange     '0.0.19',
29 silly addNameRange     '0.0.20',
29 silly addNameRange     '0.0.21',
29 silly addNameRange     '0.0.23',
29 silly addNameRange     '0.0.24',
29 silly addNameRange     '0.0.25',
29 silly addNameRange     '0.0.26',
29 silly addNameRange     '0.0.27',
29 silly addNameRange     '0.0.28',
29 silly addNameRange     '0.0.29',
29 silly addNameRange     '0.0.30',
29 silly addNameRange     '0.0.31',
29 silly addNameRange     '0.0.32',
29 silly addNameRange     '0.0.33',
29 silly addNameRange     '0.0.34',
29 silly addNameRange     '0.0.35',
29 silly addNameRange     '0.0.36',
29 silly addNameRange     '0.0.37',
29 silly addNameRange     '0.0.38',
29 silly addNameRange     '0.0.39',
29 silly addNameRange     '1.0.0',
29 silly addNameRange     '1.1.0',
29 silly addNameRange     '1.1.1',
29 silly addNameRange     '1.1.2',
29 silly addNameRange     '1.1.3',
29 silly addNameRange     '1.1.4',
29 silly addNameRange     '1.1.5',
29 silly addNameRange     '1.1.6',
29 silly addNameRange     '1.2.0',
29 silly addNameRange     '1.2.1',
29 silly addNameRange     '1.2.2',
29 silly addNameRange     '1.2.3',
29 silly addNameRange     '1.3.0',
29 silly addNameRange     '1.4.0',
29 silly addNameRange     '1.4.1',
29 silly addNameRange     '1.4.2',
29 silly addNameRange     '1.4.3',
29 silly addNameRange     '1.4.4',
29 silly addNameRange     '1.4.5',
29 silly addNameRange     '1.4.6',
29 silly addNameRange     '1.4.7',
29 silly addNameRange     '1.4.8',
29 silly addNameRange     '1.4.9',
29 silly addNameRange     '1.5.0',
29 silly addNameRange     '1.5.1',
29 silly addNameRange     '1.5.2',
29 silly addNameRange     '1.5.3',
29 silly addNameRange     '1.5.4',
29 silly addNameRange     '1.6.0',
29 silly addNameRange     '1.6.1',
29 silly addNameRange     '1.6.2',
29 silly addNameRange     '1.6.3',
29 silly addNameRange     '1.6.4',
29 silly addNameRange     '1.6.5',
29 silly addNameRange     '1.6.6',
29 silly addNameRange     '1.6.7',
29 silly addNameRange     '1.6.8',
29 silly addNameRange     '1.6.9',
29 silly addNameRange     '1.6.10',
29 silly addNameRange     '1.6.11',
29 silly addNameRange     '1.6.12',
29 silly addNameRange     '1.6.13',
29 silly addNameRange     '1.6.14',
29 silly addNameRange     '1.6.15',
29 silly addNameRange     '1.6.16',
29 silly addNameRange     '1.6.17',
29 silly addNameRange     '1.6.18' ] ]
30 verbose addNamed [ 'topojson', '1.6.18' ]
31 verbose addNamed [ '1.6.18', '1.6.18' ]
32 silly lockFile 6242d4b4-topojson-1-6-18 topojson@1.6.18
33 verbose lock topojson@1.6.18 /home/tiagodevezas/.npm/6242d4b4-topojson-1-6-18.lock
34 silly lockFile f7eccd83-org-topojson-topojson-1-6-18-tgz https://registry.npmjs.org/topojson/-/topojson-1.6.18.tgz
35 verbose lock https://registry.npmjs.org/topojson/-/topojson-1.6.18.tgz /home/tiagodevezas/.npm/f7eccd83-org-topojson-topojson-1-6-18-tgz.lock
36 verbose addRemoteTarball [ 'https://registry.npmjs.org/topojson/-/topojson-1.6.18.tgz',
36 verbose addRemoteTarball   '23f4284a605aaf813d22d7a825903f0d8757007a' ]
37 info retry fetch attempt 1 at 17:20:15
38 verbose fetch to= /tmp/npm-6233-uzgTcrMd/registry.npmjs.org/topojson/-/topojson-1.6.18.tgz
39 http GET https://registry.npmjs.org/topojson/-/topojson-1.6.18.tgz
40 http 200 https://registry.npmjs.org/topojson/-/topojson-1.6.18.tgz
41 silly lockFile f7eccd83-org-topojson-topojson-1-6-18-tgz https://registry.npmjs.org/topojson/-/topojson-1.6.18.tgz
42 silly lockFile f7eccd83-org-topojson-topojson-1-6-18-tgz https://registry.npmjs.org/topojson/-/topojson-1.6.18.tgz
43 silly lockFile 6242d4b4-topojson-1-6-18 topojson@1.6.18
44 silly lockFile 6242d4b4-topojson-1-6-18 topojson@1.6.18
45 silly lockFile 7edf76d6-topojson topojson@
46 silly lockFile 7edf76d6-topojson topojson@
47 silly resolved [ { name: 'topojson',
47 silly resolved     version: '1.6.18',
47 silly resolved     description: 'An extension to GeoJSON that encodes topology.',
47 silly resolved     keywords: [ 'geojson', 'shapefile' ],
47 silly resolved     author: { name: 'Mike Bostock', url: 'http://bost.ocks.org/mike' },
47 silly resolved     repository: { type: 'git', url: 'https://github.com/mbostock/topojson.git' },
47 silly resolved     main: 'index.js',
47 silly resolved     browser: 'topojson.js',
47 silly resolved     dependencies:
47 silly resolved      { d3: '3',
47 silly resolved        'd3-geo-projection': '0.2',
47 silly resolved        optimist: '0.3',
47 silly resolved        'queue-async': '1.0',
47 silly resolved        rw: '0.1',
47 silly resolved        shapefile: '0.3' },
47 silly resolved     devDependencies:
47 silly resolved      { vows: '0.7',
47 silly resolved        'uglify-js': '2',
47 silly resolved        'us-atlas': '0.0',
47 silly resolved        'world-atlas': '0.0' },
47 silly resolved     bin:
47 silly resolved      { topojson: './bin/topojson',
47 silly resolved        'topojson-geojson': './bin/topojson-geojson',
47 silly resolved        'topojson-group': './bin/topojson-group',
47 silly resolved        'topojson-merge': './bin/topojson-merge',
47 silly resolved        'topojson-svg': './bin/topojson-svg' },
47 silly resolved     scripts: { test: 'vows; echo' },
47 silly resolved     gitHead: '834e274f0f08622cc8f76dbfdb3417dd3a716236',
47 silly resolved     bugs: { url: 'https://github.com/mbostock/topojson/issues' },
47 silly resolved     homepage: 'https://github.com/mbostock/topojson',
47 silly resolved     _id: 'topojson@1.6.18',
47 silly resolved     _shasum: '23f4284a605aaf813d22d7a825903f0d8757007a',
47 silly resolved     _from: 'topojson@',
47 silly resolved     _npmVersion: '2.0.0-alpha-5',
47 silly resolved     _npmUser: { name: 'mbostock', email: 'mbostock@gmail.com' },
47 silly resolved     maintainers: [ [Object], [Object] ],
47 silly resolved     dist:
47 silly resolved      { shasum: '23f4284a605aaf813d22d7a825903f0d8757007a',
47 silly resolved        tarball: 'http://registry.npmjs.org/topojson/-/topojson-1.6.18.tgz' },
47 silly resolved     directories: {},
47 silly resolved     _resolved: 'https://registry.npmjs.org/topojson/-/topojson-1.6.18.tgz' } ]
48 info install topojson@1.6.18 into /usr/lib
49 info installOne topojson@1.6.18
50 verbose lib/node_modules/topojson unbuild
51 verbose tar unpack /home/tiagodevezas/.npm/topojson/1.6.18/package.tgz
52 silly lockFile 6f097215-ar-usr-lib-node-modules-topojson tar:///usr/lib/node_modules/topojson
53 verbose lock tar:///usr/lib/node_modules/topojson /home/tiagodevezas/.npm/6f097215-ar-usr-lib-node-modules-topojson.lock
54 silly lockFile a1f1e5b3--npm-topojson-1-6-18-package-tgz tar:///home/tiagodevezas/.npm/topojson/1.6.18/package.tgz
55 verbose lock tar:///home/tiagodevezas/.npm/topojson/1.6.18/package.tgz /home/tiagodevezas/.npm/a1f1e5b3--npm-topojson-1-6-18-package-tgz.lock
56 silly gunzTarPerm modes [ '775', '664' ]
57 error Error: EACCES, mkdir '/usr/lib/node_modules/topojson'
57 error  { [Error: EACCES, mkdir '/usr/lib/node_modules/topojson']
57 error   errno: 3,
57 error   code: 'EACCES',
57 error   path: '/usr/lib/node_modules/topojson',
57 error   fstream_type: 'Directory',
57 error   fstream_path: '/usr/lib/node_modules/topojson',
57 error   fstream_class: 'DirWriter',
57 error   fstream_stack:
57 error    [ '/usr/lib/node_modules/npm/node_modules/fstream/lib/dir-writer.js:36:23',
57 error      '/usr/lib/node_modules/npm/node_modules/mkdirp/index.js:46:53',
57 error      'Object.oncomplete (fs.js:107:15)' ] }
58 error Please try running this command again as root/Administrator.
59 error System Linux 3.13.0-46-generic
60 error command "/usr/bin/node" "/usr/bin/npm" "install" "-g" "topojson"
61 error cwd /home/tiagodevezas/Projects/mediaviz_client
62 error node -v v0.10.33
63 error npm -v 1.4.28
64 error path /usr/lib/node_modules/topojson
65 error fstream_path /usr/lib/node_modules/topojson
66 error fstream_type Directory
67 error fstream_class DirWriter
68 error code EACCES
69 error errno 3
70 error stack Error: EACCES, mkdir '/usr/lib/node_modules/topojson'
71 error fstream_stack /usr/lib/node_modules/npm/node_modules/fstream/lib/dir-writer.js:36:23
71 error fstream_stack /usr/lib/node_modules/npm/node_modules/mkdirp/index.js:46:53
71 error fstream_stack Object.oncomplete (fs.js:107:15)
72 verbose exit [ 3, true ]
